<?xml version="1.0" encoding="UTF-8"?>
<coverage generated="1508480863054" clover="3.2.0">
  <project timestamp="1508480863055" name="All files">
    <metrics statements="33" coveredstatements="33" conditionals="6" coveredconditionals="6" methods="14" coveredmethods="14" elements="53" coveredelements="53" complexity="0" loc="33" ncloc="33" packages="2" files="5" classes="5">
      <package name="setup">
        <metrics statements="1" coveredstatements="1" conditionals="0" coveredconditionals="0" methods="0" coveredmethods="0"/>
        <file name="test.setup.js" path="/Users/pc/Soft/rnPerfs/src/rn-render-perf/setup/test.setup.js">
          <metrics statements="1" coveredstatements="1" conditionals="0" coveredconditionals="0" methods="0" coveredmethods="0"/>
          <line num="4" count="4" type="stmt"/>
        </file>
      </package>
      <package name="src">
        <metrics statements="32" coveredstatements="32" conditionals="6" coveredconditionals="6" methods="14" coveredmethods="14"/>
        <file name="pane.js" path="/Users/pc/Soft/rnPerfs/src/rn-render-perf/src/pane.js">
          <metrics statements="7" coveredstatements="7" conditionals="0" coveredconditionals="0" methods="5" coveredmethods="5"/>
          <line num="10" count="1" type="stmt"/>
          <line num="14" count="1" type="stmt"/>
          <line num="18" count="1" type="stmt"/>
          <line num="22" count="1" type="stmt"/>
          <line num="26" count="10" type="stmt"/>
          <line num="28" count="10" type="stmt"/>
          <line num="40" count="2" type="stmt"/>
        </file>
        <file name="playPause.js" path="/Users/pc/Soft/rnPerfs/src/rn-render-perf/src/playPause.js">
          <metrics statements="11" coveredstatements="11" conditionals="4" coveredconditionals="4" methods="3" coveredmethods="3"/>
          <line num="7" count="5" type="stmt"/>
          <line num="8" count="5" type="stmt"/>
          <line num="10" count="5" type="stmt"/>
          <line num="14" count="6" type="stmt"/>
          <line num="16" count="6" type="cond" truecount="2" falsecount="0"/>
          <line num="17" count="2" type="stmt"/>
          <line num="19" count="4" type="stmt"/>
          <line num="22" count="6" type="stmt"/>
          <line num="26" count="11" type="stmt"/>
          <line num="28" count="11" type="stmt"/>
          <line num="40" count="2" type="stmt"/>
        </file>
        <file name="rnRenderPerf.js" path="/Users/pc/Soft/rnPerfs/src/rn-render-perf/src/rnRenderPerf.js">
          <metrics statements="12" coveredstatements="12" conditionals="2" coveredconditionals="2" methods="5" coveredmethods="5"/>
          <line num="11" count="12" type="stmt"/>
          <line num="12" count="12" type="stmt"/>
          <line num="14" count="12" type="stmt"/>
          <line num="15" count="12" type="stmt"/>
          <line num="16" count="12" type="stmt"/>
          <line num="20" count="2" type="stmt"/>
          <line num="21" count="2" type="stmt"/>
          <line num="25" count="4" type="stmt"/>
          <line num="26" count="4" type="stmt"/>
          <line num="30" count="1" type="stmt"/>
          <line num="34" count="22" type="stmt"/>
          <line num="36" count="22" type="stmt"/>
        </file>
        <file name="roundButton.js" path="/Users/pc/Soft/rnPerfs/src/rn-render-perf/src/roundButton.js">
          <metrics statements="2" coveredstatements="2" conditionals="0" coveredconditionals="0" methods="1" coveredmethods="1"/>
          <line num="6" count="2" type="stmt"/>
          <line num="9" count="1" type="stmt"/>
        </file>
      </package>
    </metrics>
  </project>
</coverage>
