TN:
SF:/Users/pc/Soft/rnPerfs/src/rn-render-perf/setup/test.setup.js
FNF:0
FNH:0
DA:4,4
LF:1
LH:1
BRF:0
BRH:0
end_of_record
TN:
SF:/Users/pc/Soft/rnPerfs/src/rn-render-perf/src/pane.js
FN:9,(anonymous_0)
FN:13,(anonymous_1)
FN:17,(anonymous_2)
FN:21,(anonymous_3)
FN:25,(anonymous_4)
FNF:5
FNH:5
FNDA:1,(anonymous_0)
FNDA:1,(anonymous_1)
FNDA:1,(anonymous_2)
FNDA:1,(anonymous_3)
FNDA:10,(anonymous_4)
DA:10,1
DA:14,1
DA:18,1
DA:22,1
DA:26,10
DA:28,10
DA:40,2
LF:7
LH:7
BRF:0
BRH:0
end_of_record
TN:
SF:/Users/pc/Soft/rnPerfs/src/rn-render-perf/src/playPause.js
FN:6,(anonymous_0)
FN:13,(anonymous_1)
FN:25,(anonymous_2)
FNF:3
FNH:3
FNDA:5,(anonymous_0)
FNDA:6,(anonymous_1)
FNDA:11,(anonymous_2)
DA:7,5
DA:8,5
DA:10,5
DA:14,6
DA:16,6
DA:17,2
DA:19,4
DA:22,6
DA:26,11
DA:28,11
DA:40,2
LF:11
LH:11
BRDA:16,0,0,2
BRDA:16,0,1,4
BRDA:30,1,0,4
BRDA:30,1,1,7
BRF:4
BRH:4
end_of_record
TN:
SF:/Users/pc/Soft/rnPerfs/src/rn-render-perf/src/rnRenderPerf.js
FN:10,(anonymous_0)
FN:19,(anonymous_1)
FN:24,(anonymous_2)
FN:29,(anonymous_3)
FN:33,(anonymous_4)
FNF:5
FNH:5
FNDA:12,(anonymous_0)
FNDA:2,(anonymous_1)
FNDA:4,(anonymous_2)
FNDA:1,(anonymous_3)
FNDA:22,(anonymous_4)
DA:11,12
DA:12,12
DA:14,12
DA:15,12
DA:16,12
DA:20,2
DA:21,2
DA:25,4
DA:26,4
DA:30,1
DA:34,22
DA:36,22
LF:12
LH:12
BRDA:38,0,0,7
BRDA:38,0,1,15
BRF:2
BRH:2
end_of_record
TN:
SF:/Users/pc/Soft/rnPerfs/src/rn-render-perf/src/roundButton.js
FN:5,RoundButton
FNF:1
FNH:1
FNDA:2,RoundButton
DA:6,2
DA:9,1
LF:2
LH:2
BRF:0
BRH:0
end_of_record
